<?xml version="1.0" encoding="UTF-8"?>
<!-- Generated by org.testng.reporters.JUnitXMLReporter -->
<testsuite ignored="4" hostname="LAPTOP-M6A2RKN6" failures="0" tests="0" name="Smoke Tests" time="1.163" errors="0" timestamp="2026-06-08T23:31:53 IST">
  <testcase classname="tests.LoginTest" name="verifyLoginWithOnlyUsername" time="0.0">
    <ignored/>
  </testcase> <!-- verifyLoginWithOnlyUsername -->
  <testcase classname="tests.LoginTest" name="verifyBlankCredentialsLogin" time="0.0">
    <ignored/>
  </testcase> <!-- verifyBlankCredentialsLogin -->
  <testcase classname="tests.QuoteGenerationTest" name="verifyQuoteNumberGeneration" time="0.0">
    <ignored/>
  </testcase> <!-- verifyQuoteNumberGeneration -->
  <testcase classname="tests.QuoteGenerationTest" name="verifyComprehensivePremiumHigherThanLiability" time="0.0">
    <ignored/>
  </testcase> <!-- verifyComprehensivePremiumHigherThanLiability -->
</testsuite> <!-- Smoke Tests -->
